<?xml version="1.0" ?>
<testsuites failures="2" name="TestXML" tests="5" time="0">
	<testsuite name="Resource Array" failures="0"  tests="2" time="0">
		<testcase name=" when you add resource to resource array" time="0"></testcase>
		<testcase name=" when is inside on another resource" time="0"></testcase>
	</testsuite>

	<testsuite name="With CharacterDatabase" failures="1"  tests="6" time="0">
		<testcase name=" if the character database is empty" time="0">
			<failure message="EXPECTED: |int| 1 is equal to |int| 0 but GOT |int| 1 is not equal to |int| 0"></failure></testcase>
		<testcase name=" when remove timeline" time="0"></testcase>
		<testcase name=" if the database exist" time="0"></testcase>
		<testcase name=" when add character" time="0"></testcase>
		<testcase name=" if the database is database resource" time="0"></testcase>
		<testcase name=" if is character database" time="0"></testcase>
	</testsuite>

	<testsuite name="With TimelineDatabase" failures="1"  tests="6" time="0">
		<testcase name=" when remove timeline" time="0"></testcase>
		<testcase name=" if the database exist" time="0"></testcase>
		<testcase name=" if the database is database resource" time="0"></testcase>
		<testcase name=" if the timeline database is empty" time="0">
			<failure message="EXPECTED: |int| 4 is equal to |int| 0 but GOT |int| 4 is not equal to |int| 0"></failure></testcase>
		<testcase name=" when add timeline" time="0"></testcase>
		<testcase name=" if is timeline database" time="0"></testcase>
	</testsuite>

	<testsuite name="" failures="0"  tests="1" time="0">
		<testcase name=" has basic properties" time="0"></testcase>
	</testsuite>

	<testsuite name="" failures="0"  tests="1" time="0">
		<testcase name=" has basic properties" time="0"></testcase>
	</testsuite>

</testsuites>